<?xml version="1.0" encoding="UTF-8"?>
<!-- Generated by org.testng.reporters.JUnitXMLReporter -->
<testsuite ignored="1" hostname="MAVBCP3668" failures="0" tests="2" name="Login OrangeHRM Page " time="0.026" errors="0" timestamp="2021-10-13T09:48:23 IST">
  <testcase classname="MavenProject.Login" name="LoginPage" time="0.005"/>
  <testcase classname="MavenProject.Login" name="WebPageLogin" time="0.011"/>
  <testcase classname="MavenProject.Login" name="ValidCredentials" time="0.0">
    <ignored/>
  </testcase> <!-- ValidCredentials -->
</testsuite> <!-- Login OrangeHRM Page  -->
