<?xml version="1.0" encoding="UTF-8"?>
<testng-results ignored="1" total="4" passed="3" failed="0" skipped="0">
  <reporter-output>
  </reporter-output>
  <suite started-at="2021-10-13T09:47:45 IST" name="Suite" finished-at="2021-10-13T09:48:23 IST" duration-ms="38199">
    <groups>
    </groups>
    <test started-at="2021-10-13T09:47:45 IST" name="Test" finished-at="2021-10-13T09:48:23 IST" duration-ms="38112">
      <class name="MavenProject.Orange">
        <test-method is-config="true" signature="Loginbase()[pri:0, instance:MavenProject.Orange@e15b7e8]" started-at="2021-10-13T09:47:45 IST" name="Loginbase" finished-at="2021-10-13T09:47:55 IST" duration-ms="10714" status="PASS">
          <reporter-output>
          </reporter-output>
        </test-method> <!-- Loginbase -->
        <test-method signature="ValidLogin()[pri:0, instance:MavenProject.Orange@e15b7e8]" started-at="2021-10-13T09:47:55 IST" name="ValidLogin" finished-at="2021-10-13T09:48:13 IST" duration-ms="17252" status="PASS">
          <reporter-output>
          </reporter-output>
        </test-method> <!-- ValidLogin -->
        <test-method is-config="true" signature="Closewindow()[pri:0, instance:MavenProject.Orange@e15b7e8]" started-at="2021-10-13T09:48:13 IST" name="Closewindow" finished-at="2021-10-13T09:48:23 IST" duration-ms="10046" status="PASS">
          <reporter-output>
          </reporter-output>
        </test-method> <!-- Closewindow -->
      </class> <!-- MavenProject.Orange -->
    </test> <!-- Test -->
    <test started-at="2021-10-13T09:48:23 IST" name="Login OrangeHRM Page " finished-at="2021-10-13T09:48:23 IST" duration-ms="26">
      <class name="MavenProject.Demo">
        <test-method is-config="true" signature="DayOne()[pri:0, instance:MavenProject.Demo@618425b5]" started-at="2021-10-13T09:47:45 IST" name="DayOne" finished-at="2021-10-13T09:47:45 IST" duration-ms="22" status="PASS">
          <reporter-output>
          </reporter-output>
        </test-method> <!-- DayOne -->
        <test-method is-config="true" signature="DayTwo()[pri:0, instance:MavenProject.Demo@618425b5]" started-at="2021-10-13T09:48:23 IST" name="DayTwo" finished-at="2021-10-13T09:48:23 IST" duration-ms="1" status="PASS">
          <reporter-output>
          </reporter-output>
        </test-method> <!-- DayTwo -->
      </class> <!-- MavenProject.Demo -->
      <class name="MavenProject.Login">
        <test-method signature="LoginPage()[pri:0, instance:MavenProject.Login@26e356f0]" started-at="2021-10-13T09:48:23 IST" name="LoginPage" finished-at="2021-10-13T09:48:23 IST" duration-ms="5" status="PASS">
          <reporter-output>
          </reporter-output>
        </test-method> <!-- LoginPage -->
        <test-method signature="WebPageLogin()[pri:0, instance:MavenProject.Login@26e356f0]" started-at="2021-10-13T09:48:23 IST" name="WebPageLogin" finished-at="2021-10-13T09:48:23 IST" duration-ms="11" status="PASS">
          <reporter-output>
          </reporter-output>
        </test-method> <!-- WebPageLogin -->
      </class> <!-- MavenProject.Login -->
    </test> <!-- Login OrangeHRM Page  -->
  </suite> <!-- Suite -->
</testng-results>
